This is pdfTeX, Version 3.14159265-2.6-1.40.17 (MiKTeX 2.9.6210 64-bit) (preloaded format=pdflatex 2017.4.18)  21 MAY 2017 20:45
entering extended mode
**./document.tex
(document.tex
LaTeX2e <2017/01/01> patch level 1
Babel <3.9r> and hyphenation patterns for 75 language(s) loaded.
("C:\Program Files\MiKTeX 2.9\tex\latex\base\article.cls"
Document Class: article 2014/09/29 v1.4h Standard LaTeX document class
("C:\Program Files\MiKTeX 2.9\tex\latex\base\size12.clo"
File: size12.clo 2014/09/29 v1.4h Standard LaTeX file (size option)
)
\c@part=\count79
\c@section=\count80
\c@subsection=\count81
\c@subsubsection=\count82
\c@paragraph=\count83
\c@subparagraph=\count84
\c@figure=\count85
\c@table=\count86
\abovecaptionskip=\skip41
\belowcaptionskip=\skip42
\bibindent=\dimen102
)
("C:\Program Files\MiKTeX 2.9\tex\latex\graphics\graphicx.sty"
Package: graphicx 2014/10/28 v1.0g Enhanced LaTeX Graphics (DPC,SPQR)

("C:\Program Files\MiKTeX 2.9\tex\latex\graphics\keyval.sty"
Package: keyval 2014/10/28 v1.15 key=value parser (DPC)
\KV@toks@=\toks14
)
("C:\Program Files\MiKTeX 2.9\tex\latex\graphics\graphics.sty"
Package: graphics 2016/10/09 v1.0u Standard LaTeX Graphics (DPC,SPQR)

("C:\Program Files\MiKTeX 2.9\tex\latex\graphics\trig.sty"
Package: trig 2016/01/03 v1.10 sin cos tan (DPC)
)
("C:\Program Files\MiKTeX 2.9\tex\latex\graphics-cfg\graphics.cfg"
File: graphics.cfg 2016/06/04 v1.11 sample graphics configuration
)
Package graphics Info: Driver file: pdftex.def on input line 99.

("C:\Program Files\MiKTeX 2.9\tex\latex\graphics-def\pdftex.def"
File: pdftex.def 2017/01/12 v0.06k Graphics/color for pdfTeX

("C:\Program Files\MiKTeX 2.9\tex\generic\oberdiek\infwarerr.sty"
Package: infwarerr 2016/05/16 v1.4 Providing info/warning/error messages (HO)
)
("C:\Program Files\MiKTeX 2.9\tex\generic\oberdiek\ltxcmds.sty"
Package: ltxcmds 2016/05/16 v1.23 LaTeX kernel commands for general use (HO)
)
\Gread@gobject=\count87
))
\Gin@req@height=\dimen103
\Gin@req@width=\dimen104
)
(document.aux)
\openout1 = `document.aux'.

LaTeX Font Info:    Checking defaults for OML/cmm/m/it on input line 5.
LaTeX Font Info:    ... okay on input line 5.
LaTeX Font Info:    Checking defaults for T1/cmr/m/n on input line 5.
LaTeX Font Info:    ... okay on input line 5.
LaTeX Font Info:    Checking defaults for OT1/cmr/m/n on input line 5.
LaTeX Font Info:    ... okay on input line 5.
LaTeX Font Info:    Checking defaults for OMS/cmsy/m/n on input line 5.
LaTeX Font Info:    ... okay on input line 5.
LaTeX Font Info:    Checking defaults for OMX/cmex/m/n on input line 5.
LaTeX Font Info:    ... okay on input line 5.
LaTeX Font Info:    Checking defaults for U/cmr/m/n on input line 5.
LaTeX Font Info:    ... okay on input line 5.
 ("C:\Program Files\MiKTeX 2.9\tex\generic\oberdiek\pdftexcmds.sty"
Package: pdftexcmds 2016/05/21 v0.22 Utility functions of pdfTeX for LuaTeX (HO
)
 ("C:\Program Files\MiKTeX 2.9\tex\generic\oberdiek\ifluatex.sty"
Package: ifluatex 2016/05/16 v1.4 Provides the ifluatex switch (HO)
Package ifluatex Info: LuaTeX not detected.
)
("C:\Program Files\MiKTeX 2.9\tex\generic\oberdiek\ifpdf.sty"
Package: ifpdf 2016/05/14 v3.1 Provides the ifpdf switch
)
Package pdftexcmds Info: LuaTeX not detected.
Package pdftexcmds Info: \pdf@primitive is available.
Package pdftexcmds Info: \pdf@ifprimitive is available.
Package pdftexcmds Info: \pdfdraftmode found.
)
("C:\Program Files\MiKTeX 2.9\tex\latex\oberdiek\epstopdf-base.sty"
Package: epstopdf-base 2016/05/15 v2.6 Base part for package epstopdf

("C:\Program Files\MiKTeX 2.9\tex\latex\oberdiek\grfext.sty"
Package: grfext 2016/05/16 v1.2 Manage graphics extensions (HO)

("C:\Program Files\MiKTeX 2.9\tex\generic\oberdiek\kvdefinekeys.sty"
Package: kvdefinekeys 2016/05/16 v1.4 Define keys (HO)
))
("C:\Program Files\MiKTeX 2.9\tex\latex\oberdiek\kvoptions.sty"
Package: kvoptions 2016/05/16 v3.12 Key value format for package options (HO)

("C:\Program Files\MiKTeX 2.9\tex\generic\oberdiek\kvsetkeys.sty"
Package: kvsetkeys 2016/05/16 v1.17 Key value parser (HO)

("C:\Program Files\MiKTeX 2.9\tex\generic\oberdiek\etexcmds.sty"
Package: etexcmds 2016/05/16 v1.6 Avoid name clashes with e-TeX commands (HO)
Package etexcmds Info: Could not find \expanded.
(etexcmds)             That can mean that you are not using pdfTeX 1.50 or
(etexcmds)             that some package has redefined \expanded.
(etexcmds)             In the latter case, load this package earlier.
)))
Package epstopdf-base Info: Redefining graphics rule for `.eps' on input line 4
38.
Package grfext Info: Graphics extension search list:
(grfext)             [.png,.pdf,.jpg,.mps,.jpeg,.jbig2,.jb2,.PNG,.PDF,.JPG,.JPE
G,.JBIG2,.JB2,.eps]
(grfext)             \AppendGraphicsExtensions on input line 456.
)
LaTeX Font Info:    External font `cmex10' loaded for size
(Font)              <14.4> on input line 8.
LaTeX Font Info:    External font `cmex10' loaded for size
(Font)              <7> on input line 8.


LaTeX Warning: No \author given.


Underfull \hbox (badness 10000) in paragraph at lines 10--14

 []


Underfull \hbox (badness 10000) in paragraph at lines 10--14

 []


Overfull \hbox (20.69649pt too wide) in paragraph at lines 17--19
\OT1/cmr/bx/n/12 IS MONEY A MA-JOR NE-CES-SITY IN A RE-LA-TION-SHIP AMONG
 []

Missing character: There is no â in font cmr12!
Missing character: There is no € in font cmr12!
Missing character: There is no ™ in font cmr12!
Missing character: There is no â in font cmr12!
Missing character: There is no € in font cmr12!
Missing character: There is no ™ in font cmr12!
[1

{C:/ProgramData/MiKTeX/2.9/pdftex/config/pdftex.map}]
Underfull \hbox (badness 10000) in paragraph at lines 33--34

 []


Underfull \hbox (badness 10000) in paragraph at lines 34--35

 []


Underfull \hbox (badness 10000) in paragraph at lines 35--36

 []

LaTeX Font Info:    External font `cmex10' loaded for size
(Font)              <12> on input line 45.
LaTeX Font Info:    External font `cmex10' loaded for size
(Font)              <8> on input line 45.
LaTeX Font Info:    External font `cmex10' loaded for size
(Font)              <6> on input line 45.

Overfull \hbox (6.63162pt too wide) in paragraph at lines 49--49
[]\OT1/cmr/m/n/12 Family
 []


Underfull \hbox (badness 10000) in paragraph at lines 49--49
\OT1/cmr/m/n/12 Sta-
 []


Underfull \hbox (badness 10000) in paragraph at lines 49--49
[]\OT1/cmr/m/n/12 Consider
 []


Overfull \hbox (6.07857pt too wide) in paragraph at lines 49--49
\OT1/cmr/m/n/12 Money(CM)| 
 []


Underfull \hbox (badness 10000) in paragraph at lines 49--49
[]\OT1/cmr/m/n/12 Dont
 []


Underfull \hbox (badness 10000) in paragraph at lines 49--49
\OT1/cmr/m/n/12 Con-sider
 []


Overfull \hbox (15.0521pt too wide) in paragraph at lines 49--49
\OT1/cmr/m/n/12 Money(DCM)| 
 []


Underfull \hbox (badness 2409) in paragraph at lines 49--49
[]\OT1/cmr/m/n/12 percent of
 []


Overfull \hbox (10.22186pt too wide) in paragraph at lines 49--50
[]\OT1/cmr/m/n/12 Percent
 []


Underfull \hbox (badness 10000) in paragraph at lines 49--50
\OT1/cmr/m/n/12 of
 []


Underfull \hbox (badness 10000) in paragraph at lines 53--53
[]\OT1/cmr/m/n/12 Well
 []


Overfull \hbox (4.1858pt too wide) in paragraph at lines 53--53
[]\OT1/cmr/m/n/12 66.667| 
 []

[2]
Overfull \hbox (6.63162pt too wide) in paragraph at lines 64--64
[]\OT1/cmr/m/n/12 Family
 []


Underfull \hbox (badness 10000) in paragraph at lines 64--64
\OT1/cmr/m/n/12 Sta-
 []


Underfull \hbox (badness 10000) in paragraph at lines 64--64
[]\OT1/cmr/m/n/12 Consider
 []


Overfull \hbox (6.07857pt too wide) in paragraph at lines 64--64
\OT1/cmr/m/n/12 Money(CM)| 
 []


Underfull \hbox (badness 10000) in paragraph at lines 64--64
[]\OT1/cmr/m/n/12 Dont
 []


Underfull \hbox (badness 10000) in paragraph at lines 64--64
\OT1/cmr/m/n/12 Con-sider
 []


Overfull \hbox (15.0521pt too wide) in paragraph at lines 64--64
\OT1/cmr/m/n/12 Money(DCM)| 
 []


Underfull \hbox (badness 2409) in paragraph at lines 64--64
[]\OT1/cmr/m/n/12 percent of
 []


Overfull \hbox (10.22186pt too wide) in paragraph at lines 64--65
[]\OT1/cmr/m/n/12 Percent
 []


Underfull \hbox (badness 10000) in paragraph at lines 64--65
\OT1/cmr/m/n/12 of
 []


Underfull \hbox (badness 10000) in paragraph at lines 68--68
[]\OT1/cmr/m/n/12 Well
 []

<images/cccc.png, id=11, 1084.05pt x 1927.2pt>
File: images/cccc.png Graphic file (type png)
 <use images/cccc.png>
Package pdftex.def Info: images/cccc.png used on input line 79.
(pdftex.def)             Requested size: 108.41135pt x 192.7313pt.

<images/paul1.png, id=12, 1084.05pt x 1927.2pt>
File: images/paul1.png Graphic file (type png)
 <use images/paul1.png>
Package pdftex.def Info: images/paul1.png used on input line 80.
(pdftex.def)             Requested size: 108.41135pt x 192.7313pt.

<images/paul2.png, id=13, 1084.05pt x 1927.2pt>
File: images/paul2.png Graphic file (type png)
 <use images/paul2.png>
Package pdftex.def Info: images/paul2.png used on input line 81.
(pdftex.def)             Requested size: 108.41135pt x 192.7313pt.

<images/paul3.png, id=14, 1084.05pt x 1927.2pt>
File: images/paul3.png Graphic file (type png)
 <use images/paul3.png>
Package pdftex.def Info: images/paul3.png used on input line 82.
(pdftex.def)             Requested size: 108.41135pt x 192.7313pt.

<images/paul4.png, id=15, 1084.05pt x 1927.2pt>
File: images/paul4.png Graphic file (type png)
 <use images/paul4.png>
Package pdftex.def Info: images/paul4.png used on input line 83.
(pdftex.def)             Requested size: 108.41135pt x 192.7313pt.

<images/paul5.png, id=16, 1084.05pt x 1927.2pt>
File: images/paul5.png Graphic file (type png)
 <use images/paul5.png>
Package pdftex.def Info: images/paul5.png used on input line 84.
(pdftex.def)             Requested size: 108.41135pt x 192.7313pt.

<images/paul6.png, id=17, 1084.05pt x 1927.2pt>
File: images/paul6.png Graphic file (type png)
 <use images/paul6.png>
Package pdftex.def Info: images/paul6.png used on input line 85.
(pdftex.def)             Requested size: 108.41135pt x 192.7313pt.

Overfull \hbox (51.47864pt too wide) in paragraph at lines 79--86
[] [] [] []
 []

[3] [4 <./images/cccc.png> <./images/paul1.png> <./images/paul2.png> <./images/
paul3.png> <./images/paul4.png> <./images/paul5.png> <./images/paul6.png>]
[5] (document.aux) )
(\end occurred inside a group at level 1)

### simple group (level 1) entered at line 10 ({)
### bottom level 
Here is how much of TeX's memory you used:
 1232 strings out of 493333
 17784 string characters out of 3139197
 82618 words of memory out of 3000000
 4770 multiletter control sequences out of 15000+200000
 8808 words of font info for 31 fonts, out of 3000000 for 9000
 1141 hyphenation exceptions out of 8191
 39i,8n,25p,648b,195s stack positions out of 5000i,500n,10000p,200000b,50000s
<C:/Program Files/MiKTeX 2.9/fonts/type1/public/amsfonts/cm/cmb
x12.pfb><C:/Program Files/MiKTeX 2.9/fonts/type1/public/amsfonts/cm/cmr12.pfb><
C:/Program Files/MiKTeX 2.9/fonts/type1/public/amsfonts/cm/cmr17.pfb>
Output written on document.pdf (5 pages, 2322759 bytes).
PDF statistics:
 37 PDF objects out of 1000 (max. 8388607)
 0 named destinations out of 1000 (max. 500000)
 36 words of extra memory for PDF output out of 10000 (max. 10000000)

